<?xml version="1.0" encoding="UTF-8"?>
<!-- Generated by org.testng.reporters.JUnitReportReporter -->
<testsuite skipped="0" hostname="HYDWS014" name="com.test.automation.uiAutomation.Test.TestController" tests="1" failures="0" timestamp="04 Sep 2018 11:54:37 GMT" time="100.409" errors="0">
  <testcase name="TestCaseController" time="100.409" classname="com.test.automation.uiAutomation.Test.TestController"/>
</testsuite> <!-- com.test.automation.uiAutomation.Test.TestController -->
