<?xml version="1.0" encoding="UTF-8"?>
<!-- Generated by org.testng.reporters.JUnitReportReporter -->
<testsuite skipped="0" hostname="HYDWS014" name="com.test.automation.uiAutomation.Test.TestController" tests="1" failures="0" timestamp="09 May 2018 10:42:40 GMT" time="33.184" errors="0">
  <testcase name="TestCaseController" time="33.184" classname="com.test.automation.uiAutomation.Test.TestController"/>
</testsuite> <!-- com.test.automation.uiAutomation.Test.TestController -->
