<?xml version="1.0" encoding="UTF-8"?>
<!-- Generated by org.testng.reporters.JUnitReportReporter -->
<testsuite skipped="0" hostname="HYDWS014" name="com.test.automation.uiAutomation.Test.TestController" tests="1" failures="0" timestamp="30 Apr 2018 12:34:21 GMT" time="87.837" errors="0">
  <testcase name="TestCaseController" time="87.837" classname="com.test.automation.uiAutomation.Test.TestController"/>
</testsuite> <!-- com.test.automation.uiAutomation.Test.TestController -->
