<?xml version="1.0" encoding="UTF-8"?>
<!-- Generated by org.testng.reporters.JUnitReportReporter -->
<testsuite skipped="0" hostname="HYDWS014" name="com.test.automation.uiAutomation.Test.TestController" tests="1" failures="0" timestamp="06 Jun 2018 11:25:57 GMT" time="233.471" errors="0">
  <testcase name="TestCaseController" time="233.471" classname="com.test.automation.uiAutomation.Test.TestController"/>
</testsuite> <!-- com.test.automation.uiAutomation.Test.TestController -->
